<?xml version="1.0" encoding="UTF-8"?>
<testsuite xmlns:xsi="http://www.w3.org/2001/XMLSchema-instance" xsi:noNamespaceSchemaLocation="https://maven.apache.org/surefire/maven-surefire-plugin/xsd/surefire-test-report.xsd" name="Coya.CoyaInsuranceApplicationTest" time="29.537" tests="4" errors="0" skipped="0" failures="0">
  <properties>
[...]
</properties>
  <testcase name="getQuotes_productsNotInsured_HigherUserRisk" classname="Coya.CoyaInsuranceApplicationTest" time="12.801"/>
  <testcase name="getQuotes_productsNotInsured_HigherBlackSpots" classname="Coya.CoyaInsuranceApplicationTest" time="0.069"/>
  <testcase name="getQuotes_productsInsured" classname="Coya.CoyaInsuranceApplicationTest" time="0.077"/>
  <testcase name="getQuotes_productsNotInsured_HigherHouseSize" classname="Coya.CoyaInsuranceApplicationTest" time="0.046"/>
</testsuite>